<?xml version="1.0" encoding="UTF-8"?>
<robot generator="Robot 6.1.1 (Python 3.8.5 on win32)" generated="20231017 01:41:57.832" rpa="false" schemaversion="4">
<suite id="s1" name="Crm" source="">
<test id="s1-t1" name="Should be able to add new customer" line="10">
<kw name="Log" library="BuiltIn">
<arg>Starting the test case!</arg>
<doc>Logs the given message with the given level.</doc>
<msg timestamp="20231017 01:41:58.119" level="INFO">Starting the test case!</msg>
<status status="PASS" starttime="20231017 01:41:58.118" endtime="20231017 01:41:58.119"/>
</kw>
<kw name="Set Selenium Speed" library="SeleniumLibrary">
<arg>0.5s</arg>
<doc>Sets the delay that is waited after each Selenium command.</doc>
<status status="PASS" starttime="20231017 01:41:58.119" endtime="20231017 01:41:58.119"/>
</kw>
<kw name="Open Browser" library="SeleniumLibrary">
<arg>https://automationplayground.com/crm/</arg>
<arg>chrome</arg>
<doc>Opens a new browser instance to the optional ``url``.</doc>
<msg timestamp="20231017 01:41:58.120" level="INFO">Opening browser 'chrome' to base url 'https://automationplayground.com/crm/'.</msg>
<status status="PASS" starttime="20231017 01:41:58.120" endtime="20231017 01:42:01.866"/>
</kw>
<kw name="Page Should Contain" library="SeleniumLibrary">
<arg>Customers Are Priority One!</arg>
<doc>Verifies that current page contains ``text``.</doc>
<msg timestamp="20231017 01:42:02.903" level="INFO">Current page contains text 'Customers Are Priority One!'.</msg>
<status status="PASS" starttime="20231017 01:42:01.866" endtime="20231017 01:42:02.903"/>
</kw>
<kw name="Click Link" library="SeleniumLibrary">
<arg>login.html</arg>
<doc>Clicks a link identified by ``locator``.</doc>
<msg timestamp="20231017 01:42:02.904" level="INFO">Clicking link 'login.html'.</msg>
<status status="PASS" starttime="20231017 01:42:02.903" endtime="20231017 01:42:04.612"/>
</kw>
<kw name="Page Should Contain" library="SeleniumLibrary">
<arg>Login</arg>
<doc>Verifies that current page contains ``text``.</doc>
<msg timestamp="20231017 01:42:05.651" level="INFO">Current page contains text 'Login'.</msg>
<status status="PASS" starttime="20231017 01:42:04.612" endtime="20231017 01:42:05.651"/>
</kw>
<kw name="Input Text" library="SeleniumLibrary">
<arg>id=email-id</arg>
<arg>admin@robotframeworktutorial.com</arg>
<doc>Types the given ``text`` into the text field identified by ``locator``.</doc>
<msg timestamp="20231017 01:42:05.652" level="INFO">Typing text 'admin@robotframeworktutorial.com' into text field 'id=email-id'.</msg>
<status status="PASS" starttime="20231017 01:42:05.652" endtime="20231017 01:42:07.277"/>
</kw>
<kw name="Input Text" library="SeleniumLibrary">
<arg>id=password</arg>
<arg>admin</arg>
<doc>Types the given ``text`` into the text field identified by ``locator``.</doc>
<msg timestamp="20231017 01:42:07.278" level="INFO">Typing text 'admin' into text field 'id=password'.</msg>
<status status="PASS" starttime="20231017 01:42:07.277" endtime="20231017 01:42:08.861"/>
</kw>
<kw name="Click Button" library="SeleniumLibrary">
<arg>id=submit-id</arg>
<doc>Clicks the button identified by ``locator``.</doc>
<msg timestamp="20231017 01:42:08.862" level="INFO">Clicking button 'id=submit-id'.</msg>
<status status="PASS" starttime="20231017 01:42:08.861" endtime="20231017 01:42:11.548"/>
</kw>
<kw name="Page Should Contain" library="SeleniumLibrary">
<arg>Our Happy Customers</arg>
<doc>Verifies that current page contains ``text``.</doc>
<msg timestamp="20231017 01:42:12.569" level="INFO">Current page contains text 'Our Happy Customers'.</msg>
<status status="PASS" starttime="20231017 01:42:11.549" endtime="20231017 01:42:12.569"/>
</kw>
<kw name="Click Element" library="SeleniumLibrary">
<arg>id=new-customer</arg>
<doc>Click the element identified by ``locator``.</doc>
<msg timestamp="20231017 01:42:12.570" level="INFO">Clicking element 'id=new-customer'.</msg>
<status status="PASS" starttime="20231017 01:42:12.569" endtime="20231017 01:42:13.832"/>
</kw>
<kw name="Page Should Contain" library="SeleniumLibrary">
<arg>Add Customer</arg>
<doc>Verifies that current page contains ``text``.</doc>
<msg timestamp="20231017 01:42:14.861" level="INFO">Current page contains text 'Add Customer'.</msg>
<status status="PASS" starttime="20231017 01:42:13.832" endtime="20231017 01:42:14.861"/>
</kw>
<kw name="Input Text" library="SeleniumLibrary">
<arg>id=EmailAddress</arg>
<arg>janedoe@gmail.com</arg>
<doc>Types the given ``text`` into the text field identified by ``locator``.</doc>
<msg timestamp="20231017 01:42:14.862" level="INFO">Typing text 'janedoe@gmail.com' into text field 'id=EmailAddress'.</msg>
<status status="PASS" starttime="20231017 01:42:14.861" endtime="20231017 01:42:16.462"/>
</kw>
<kw name="Input Text" library="SeleniumLibrary">
<arg>id=FirstName</arg>
<arg>Jane</arg>
<doc>Types the given ``text`` into the text field identified by ``locator``.</doc>
<msg timestamp="20231017 01:42:16.463" level="INFO">Typing text 'Jane' into text field 'id=FirstName'.</msg>
<status status="PASS" starttime="20231017 01:42:16.463" endtime="20231017 01:42:18.048"/>
</kw>
<kw name="Input Text" library="SeleniumLibrary">
<arg>id=LastName</arg>
<arg>Doe</arg>
<doc>Types the given ``text`` into the text field identified by ``locator``.</doc>
<msg timestamp="20231017 01:42:18.049" level="INFO">Typing text 'Doe' into text field 'id=LastName'.</msg>
<status status="PASS" starttime="20231017 01:42:18.049" endtime="20231017 01:42:19.633"/>
</kw>
<kw name="Input Text" library="SeleniumLibrary">
<arg>id=City</arg>
<arg>San Diego</arg>
<doc>Types the given ``text`` into the text field identified by ``locator``.</doc>
<msg timestamp="20231017 01:42:19.634" level="INFO">Typing text 'San Diego' into text field 'id=City'.</msg>
<status status="PASS" starttime="20231017 01:42:19.633" endtime="20231017 01:42:21.229"/>
</kw>
<kw name="Select From List By Value" library="SeleniumLibrary">
<arg>id=StateOrRegion</arg>
<arg>CA</arg>
<doc>Selects options from selection list ``locator`` by ``values``.</doc>
<msg timestamp="20231017 01:42:21.230" level="INFO">Selecting options from selection list 'id=StateOrRegion' by value CA.</msg>
<status status="PASS" starttime="20231017 01:42:21.230" endtime="20231017 01:42:25.345"/>
</kw>
<kw name="Select Radio Button" library="SeleniumLibrary">
<arg>gender</arg>
<arg>female</arg>
<doc>Sets the radio button group ``group_name`` to ``value``.</doc>
<msg timestamp="20231017 01:42:25.346" level="INFO">Selecting 'female' from radio button 'gender'.</msg>
<status status="PASS" starttime="20231017 01:42:25.346" endtime="20231017 01:42:26.911"/>
</kw>
<kw name="Select Checkbox" library="SeleniumLibrary">
<arg>name=promos-name</arg>
<doc>Selects the checkbox identified by ``locator``.</doc>
<msg timestamp="20231017 01:42:26.912" level="INFO">Selecting checkbox 'name=promos-name'.</msg>
<status status="PASS" starttime="20231017 01:42:26.911" endtime="20231017 01:42:29.566"/>
</kw>
<kw name="Click Button" library="SeleniumLibrary">
<arg>Submit</arg>
<doc>Clicks the button identified by ``locator``.</doc>
<msg timestamp="20231017 01:42:29.567" level="INFO">Clicking button 'Submit'.</msg>
<status status="PASS" starttime="20231017 01:42:29.566" endtime="20231017 01:42:31.780"/>
</kw>
<kw name="Wait Until Page Contains" library="SeleniumLibrary">
<arg>Success! New customer added.</arg>
<doc>Waits until ``text`` appears on the current page.</doc>
<status status="PASS" starttime="20231017 01:42:31.780" endtime="20231017 01:42:32.291"/>
</kw>
<kw name="Sleep" library="BuiltIn">
<arg>3s</arg>
<doc>Pauses the test executed for the given time.</doc>
<msg timestamp="20231017 01:42:35.298" level="INFO">Slept 3 seconds</msg>
<status status="PASS" starttime="20231017 01:42:32.291" endtime="20231017 01:42:35.298"/>
</kw>
<kw name="Close Browser" library="SeleniumLibrary">
<doc>Closes the current browser.</doc>
<status status="PASS" starttime="20231017 01:42:35.300" endtime="20231017 01:42:37.856"/>
</kw>
<doc>This is some basic info about the TEST</doc>
<tag>1006</tag>
<tag>Contacts</tag>
<tag>Smoke</tag>
<status status="PASS" starttime="20231017 01:41:58.118" endtime="20231017 01:42:37.857"/>
</test>
<doc>This is some basic info about a whole SUITE</doc>
<status status="PASS" starttime="20231017 01:41:57.833" endtime="20231017 01:42:37.860"/>
</suite>
<statistics>
<total>
<stat pass="1" fail="0" skip="0">All Tests</stat>
</total>
<tag>
<stat pass="1" fail="0" skip="0">1006</stat>
<stat pass="1" fail="0" skip="0">Contacts</stat>
<stat pass="1" fail="0" skip="0">Smoke</stat>
</tag>
<suite>
<stat pass="1" fail="0" skip="0" id="s1" name="Crm">Crm</stat>
</suite>
</statistics>
<errors>
</errors>
</robot>
